<?xml version="1.0" encoding="UTF-8"?>
<!-- Generated by org.testng.reporters.JUnitXMLReporter -->
<testsuite hostname="HimPC" ignored="3" name="Default test" tests="1" failures="0" timestamp="21 Oct 2018 20:07:57 GMT" time="18.917" errors="0">
  <testcase name="verifyValidCityName" time="10.854" classname="testCases.WeatherForcastTestCase"/>
  <testcase name="verifyInvalidCityName" time="0.0" classname="testCases.WeatherForcastTestCase">
    <ignored/>
  </testcase> <!-- verifyInvalidCityName -->
  <testcase name="checkForValidAndInvalidSignIn" time="0.0" classname="testCases.WeatherForcastTestCase">
    <ignored/>
  </testcase> <!-- checkForValidAndInvalidSignIn -->
  <testcase name="landingAndVerifyingFieldValues" time="0.0" classname="testCases.WeatherForcastTestCase">
    <ignored/>
  </testcase> <!-- landingAndVerifyingFieldValues -->
</testsuite> <!-- Default test -->
