<?xml version="1.0" encoding="UTF-8"?>
<!-- Generated by org.testng.reporters.JUnitXMLReporter -->
<testsuite hostname="HimPC" ignored="0" name="Scenarios Related to Open Weather Api" tests="4" failures="0" timestamp="21 Oct 2018 20:09:14 GMT" time="56.49" errors="0">
  <testcase name="checkForValidAndInvalidSignIn" time="9.041" classname="testCases.WeatherForcastTestCase"/>
  <testcase name="landingAndVerifyingFieldValues" time="4.045" classname="testCases.WeatherForcastTestCase"/>
  <testcase name="verifyInvalidCityName" time="5.591" classname="testCases.WeatherForcastTestCase"/>
  <testcase name="verifyValidCityName" time="9.978" classname="testCases.WeatherForcastTestCase"/>
</testsuite> <!-- Scenarios Related to Open Weather Api -->
